<?xml version="1.0" encoding="UTF-8"?>
<testsuite name="EpicsTests" tests="1" skipped="0" failures="0" errors="0" timestamp="2021-06-18T06:36:19" hostname="GUARAGUARA" time="0.591">
  <properties/>
  <testcase name="getSingleEpicOnProject" classname="EpicsTests" time="0.591"/>
  <system-out><![CDATA[Request method:	POST
Request URI:	https://www.pivotaltracker.com/services/v5/projects
Proxy:			<none>
Request params:	<none>
Query params:	<none>
Form params:	<none>
Path params:	<none>
Headers:		X-TrackerToken=5b2cc4a0843310f32148a88918bda460
				Accept=*/*
				Content-Type=application/json
Cookies:		<none>
Multiparts:		<none>
Body:
{
    "name": "My Test Project"
}
Request method:	POST
Request URI:	https://www.pivotaltracker.com/services/v5/projects/2505905/epics
Proxy:			<none>
Request params:	<none>
Query params:	<none>
Form params:	<none>
Path params:	projectId=2505905
Headers:		X-TrackerToken=5b2cc4a0843310f32148a88918bda460
				Accept=*/*
				Content-Type=application/json
Cookies:		<none>
Multiparts:		<none>
Body:
{
    "id": null,
    "kind": null,
    "created_at": null,
    "updated_at": null,
    "project_id": null,
    "name": "My test epic",
    "url": null,
    "label": null
}
Request method:	GET
Request URI:	https://www.pivotaltracker.com/services/v5/projects/2505905/epics/4790990
Proxy:			<none>
Request params:	<none>
Query params:	<none>
Form params:	<none>
Path params:	epicId=4790990
				projectId=2505905
Headers:		X-TrackerToken=5b2cc4a0843310f32148a88918bda460
				Accept=*/*
				Content-Type=application/json
Cookies:		<none>
Multiparts:		<none>
Body:			<none>
Request method:	DELETE
Request URI:	https://www.pivotaltracker.com/services/v5/projects/2505905/epics/4790990
Proxy:			<none>
Request params:	<none>
Query params:	<none>
Form params:	<none>
Path params:	epicId=4790990
				projectId=2505905
Headers:		X-TrackerToken=5b2cc4a0843310f32148a88918bda460
				Accept=*/*
				Content-Type=application/json
Cookies:		<none>
Multiparts:		<none>
Body:			<none>
Request method:	DELETE
Request URI:	https://www.pivotaltracker.com/services/v5/projects/2505905
Proxy:			<none>
Request params:	<none>
Query params:	<none>
Form params:	<none>
Path params:	projectId=2505905
Headers:		X-TrackerToken=5b2cc4a0843310f32148a88918bda460
				Accept=*/*
				Content-Type=application/json
Cookies:		<none>
Multiparts:		<none>
Body:			<none>
]]></system-out>
  <system-err><![CDATA[]]></system-err>
</testsuite>
