<?xml version="1.0" encoding="UTF-8"?>
<testsuite name="AccountTests" tests="1" skipped="0" failures="0" errors="0" timestamp="2021-06-18T02:05:35" hostname="GUARAGUARA" time="4.095">
  <properties/>
  <testcase name="getAccount" classname="AccountTests" time="4.095"/>
  <system-out><![CDATA[Request method:	GET
Request URI:	https://www.pivotaltracker.com/services/v5/accounts/1155191
Proxy:			<none>
Request params:	<none>
Query params:	<none>
Form params:	<none>
Path params:	accountId=1155191
Headers:		X-TrackerToken=5b2cc4a0843310f32148a88918bda460
				Accept=*/*
				Content-Type=application/json
Cookies:		<none>
Multiparts:		<none>
Body:			<none>
]]></system-out>
  <system-err><![CDATA[]]></system-err>
</testsuite>
