<?xml version="1.0" encoding="UTF-8"?>
<testsuite name="PivotalProjectsTests" tests="1" skipped="0" failures="0" errors="0" timestamp="2021-06-18T05:01:51" hostname="GUARAGUARA" time="4.293">
  <properties/>
  <testcase name="deleteSingleProjectTest" classname="PivotalProjectsTests" time="4.293"/>
  <system-out><![CDATA[Request method:	DELETE
Request URI:	https://www.pivotaltracker.com/services/v5/projects/2505845
Proxy:			<none>
Request params:	<none>
Query params:	<none>
Form params:	<none>
Path params:	projectId=2505845
Headers:		X-TrackerToken=5b2cc4a0843310f32148a88918bda460
				Accept=*/*
				Content-Type=application/json
Cookies:		<none>
Multiparts:		<none>
Body:			<none>
]]></system-out>
  <system-err><![CDATA[]]></system-err>
</testsuite>
