<?xml version="1.0" encoding="UTF-8"?>
<testsuite name="WorkspacesTests" tests="10" skipped="0" failures="0" errors="0" timestamp="2021-06-19T19:46:06" hostname="GUARAGUARA" time="33.193">
  <properties/>
  <testcase name="checkWorkspaceSchema" classname="WorkspacesTests" time="1.299"/>
  <testcase name="createSingleWorkspaceWithEmptyName" classname="WorkspacesTests" time="0.519"/>
  <testcase name="createSingleWorkspaceWithNullName" classname="WorkspacesTests" time="0.545"/>
  <testcase name="createSingleWorkspaceWithRepeatedName" classname="WorkspacesTests" time="0.499"/>
  <testcase name="createSingleWorkspaceWithoutProjects" classname="WorkspacesTests" time="0.545"/>
  <testcase name="createWorkspace" classname="WorkspacesTests" time="0.59"/>
  <testcase name="deleteSingleWorkspace" classname="WorkspacesTests" time="0.503"/>
  <testcase name="getAllWorkspaces" classname="WorkspacesTests" time="0.516"/>
  <testcase name="getSingleWorkspace" classname="WorkspacesTests" time="0.491"/>
  <testcase name="getSingleWorkspaceWithInvalidWorkspaceId" classname="WorkspacesTests" time="0.545"/>
  <system-out><![CDATA[Request method:	POST
Request URI:	https://www.pivotaltracker.com/services/v5/projects
Proxy:			<none>
Request params:	<none>
Query params:	<none>
Form params:	<none>
Path params:	<none>
Headers:		X-TrackerToken=5b2cc4a0843310f32148a88918bda460
				Accept=*/*
				Content-Type=application/json
Cookies:		<none>
Multiparts:		<none>
Body:
{
    "name": "My Test Project"
}
Request method:	POST
Request URI:	https://www.pivotaltracker.com/services/v5/projects
Proxy:			<none>
Request params:	<none>
Query params:	<none>
Form params:	<none>
Path params:	<none>
Headers:		X-TrackerToken=5b2cc4a0843310f32148a88918bda460
				Accept=*/*
				Content-Type=application/json
Cookies:		<none>
Multiparts:		<none>
Body:
{
    "name": "My Second Test Project"
}
Request method:	POST
Request URI:	https://www.pivotaltracker.com/services/v5/my/workspaces
Proxy:			<none>
Request params:	<none>
Query params:	<none>
Form params:	<none>
Path params:	<none>
Headers:		X-TrackerToken=5b2cc4a0843310f32148a88918bda460
				Accept=*/*
				Content-Type=application/json
Cookies:		<none>
Multiparts:		<none>
Body:
{
    "kind": null,
    "id": null,
    "name": "My test workspace",
    "person_id": null,
    "project_ids": [
        2510533,
        2510534
    ]
}
Request method:	GET
Request URI:	https://www.pivotaltracker.com/services/v5/my/workspaces/876832
Proxy:			<none>
Request params:	<none>
Query params:	<none>
Form params:	<none>
Path params:	workspaceId=876832
Headers:		X-TrackerToken=5b2cc4a0843310f32148a88918bda460
				Accept=*/*
				Content-Type=application/json
Cookies:		<none>
Multiparts:		<none>
Body:			<none>
{
    "id": 876832,
    "kind": "workspace",
    "name": "My test workspace",
    "person_id": 3403351,
    "project_ids": [
        2510533,
        2510534
    ]
}
Request method:	DELETE
Request URI:	https://www.pivotaltracker.com/services/v5/my/workspaces/876832
Proxy:			<none>
Request params:	<none>
Query params:	<none>
Form params:	<none>
Path params:	workspaceId=876832
Headers:		X-TrackerToken=5b2cc4a0843310f32148a88918bda460
				Accept=*/*
				Content-Type=application/json
Cookies:		<none>
Multiparts:		<none>
Body:			<none>
Request method:	DELETE
Request URI:	https://www.pivotaltracker.com/services/v5/projects/2510533
Proxy:			<none>
Request params:	<none>
Query params:	<none>
Form params:	<none>
Path params:	projectId=2510533
Headers:		X-TrackerToken=5b2cc4a0843310f32148a88918bda460
				Accept=*/*
				Content-Type=application/json
Cookies:		<none>
Multiparts:		<none>
Body:			<none>
Request method:	DELETE
Request URI:	https://www.pivotaltracker.com/services/v5/projects/2510534
Proxy:			<none>
Request params:	<none>
Query params:	<none>
Form params:	<none>
Path params:	projectId=2510534
Headers:		X-TrackerToken=5b2cc4a0843310f32148a88918bda460
				Accept=*/*
				Content-Type=application/json
Cookies:		<none>
Multiparts:		<none>
Body:			<none>
Request method:	POST
Request URI:	https://www.pivotaltracker.com/services/v5/projects
Proxy:			<none>
Request params:	<none>
Query params:	<none>
Form params:	<none>
Path params:	<none>
Headers:		X-TrackerToken=5b2cc4a0843310f32148a88918bda460
				Accept=*/*
				Content-Type=application/json
Cookies:		<none>
Multiparts:		<none>
Body:
{
    "name": "My Test Project"
}
Request method:	POST
Request URI:	https://www.pivotaltracker.com/services/v5/projects
Proxy:			<none>
Request params:	<none>
Query params:	<none>
Form params:	<none>
Path params:	<none>
Headers:		X-TrackerToken=5b2cc4a0843310f32148a88918bda460
				Accept=*/*
				Content-Type=application/json
Cookies:		<none>
Multiparts:		<none>
Body:
{
    "name": "My Second Test Project"
}
Request method:	POST
Request URI:	https://www.pivotaltracker.com/services/v5/my/workspaces
Proxy:			<none>
Request params:	<none>
Query params:	<none>
Form params:	<none>
Path params:	<none>
Headers:		X-TrackerToken=5b2cc4a0843310f32148a88918bda460
				Accept=*/*
				Content-Type=application/json
Cookies:		<none>
Multiparts:		<none>
Body:
{
    "kind": null,
    "id": null,
    "name": "My test workspace",
    "person_id": null,
    "project_ids": [
        2510535,
        2510536
    ]
}
Request method:	POST
Request URI:	https://www.pivotaltracker.com/services/v5/my/workspaces
Proxy:			<none>
Request params:	<none>
Query params:	<none>
Form params:	<none>
Path params:	<none>
Headers:		X-TrackerToken=5b2cc4a0843310f32148a88918bda460
				Accept=*/*
				Content-Type=application/json
Cookies:		<none>
Multiparts:		<none>
Body:
{
    "kind": null,
    "id": null,
    "name": "",
    "person_id": null,
    "project_ids": [
        2510535,
        2510536
    ]
}
Request method:	DELETE
Request URI:	https://www.pivotaltracker.com/services/v5/my/workspaces/876833
Proxy:			<none>
Request params:	<none>
Query params:	<none>
Form params:	<none>
Path params:	workspaceId=876833
Headers:		X-TrackerToken=5b2cc4a0843310f32148a88918bda460
				Accept=*/*
				Content-Type=application/json
Cookies:		<none>
Multiparts:		<none>
Body:			<none>
Request method:	DELETE
Request URI:	https://www.pivotaltracker.com/services/v5/projects/2510535
Proxy:			<none>
Request params:	<none>
Query params:	<none>
Form params:	<none>
Path params:	projectId=2510535
Headers:		X-TrackerToken=5b2cc4a0843310f32148a88918bda460
				Accept=*/*
				Content-Type=application/json
Cookies:		<none>
Multiparts:		<none>
Body:			<none>
Request method:	DELETE
Request URI:	https://www.pivotaltracker.com/services/v5/projects/2510536
Proxy:			<none>
Request params:	<none>
Query params:	<none>
Form params:	<none>
Path params:	projectId=2510536
Headers:		X-TrackerToken=5b2cc4a0843310f32148a88918bda460
				Accept=*/*
				Content-Type=application/json
Cookies:		<none>
Multiparts:		<none>
Body:			<none>
Request method:	POST
Request URI:	https://www.pivotaltracker.com/services/v5/projects
Proxy:			<none>
Request params:	<none>
Query params:	<none>
Form params:	<none>
Path params:	<none>
Headers:		X-TrackerToken=5b2cc4a0843310f32148a88918bda460
				Accept=*/*
				Content-Type=application/json
Cookies:		<none>
Multiparts:		<none>
Body:
{
    "name": "My Test Project"
}
Request method:	POST
Request URI:	https://www.pivotaltracker.com/services/v5/projects
Proxy:			<none>
Request params:	<none>
Query params:	<none>
Form params:	<none>
Path params:	<none>
Headers:		X-TrackerToken=5b2cc4a0843310f32148a88918bda460
				Accept=*/*
				Content-Type=application/json
Cookies:		<none>
Multiparts:		<none>
Body:
{
    "name": "My Second Test Project"
}
Request method:	POST
Request URI:	https://www.pivotaltracker.com/services/v5/my/workspaces
Proxy:			<none>
Request params:	<none>
Query params:	<none>
Form params:	<none>
Path params:	<none>
Headers:		X-TrackerToken=5b2cc4a0843310f32148a88918bda460
				Accept=*/*
				Content-Type=application/json
Cookies:		<none>
Multiparts:		<none>
Body:
{
    "kind": null,
    "id": null,
    "name": "My test workspace",
    "person_id": null,
    "project_ids": [
        2510537,
        2510538
    ]
}
Request method:	POST
Request URI:	https://www.pivotaltracker.com/services/v5/my/workspaces
Proxy:			<none>
Request params:	<none>
Query params:	<none>
Form params:	<none>
Path params:	<none>
Headers:		X-TrackerToken=5b2cc4a0843310f32148a88918bda460
				Accept=*/*
				Content-Type=application/json
Cookies:		<none>
Multiparts:		<none>
Body:
{
    "kind": null,
    "id": null,
    "name": null,
    "person_id": null,
    "project_ids": [
        2510537,
        2510538
    ]
}
Request method:	DELETE
Request URI:	https://www.pivotaltracker.com/services/v5/my/workspaces/876834
Proxy:			<none>
Request params:	<none>
Query params:	<none>
Form params:	<none>
Path params:	workspaceId=876834
Headers:		X-TrackerToken=5b2cc4a0843310f32148a88918bda460
				Accept=*/*
				Content-Type=application/json
Cookies:		<none>
Multiparts:		<none>
Body:			<none>
Request method:	DELETE
Request URI:	https://www.pivotaltracker.com/services/v5/projects/2510537
Proxy:			<none>
Request params:	<none>
Query params:	<none>
Form params:	<none>
Path params:	projectId=2510537
Headers:		X-TrackerToken=5b2cc4a0843310f32148a88918bda460
				Accept=*/*
				Content-Type=application/json
Cookies:		<none>
Multiparts:		<none>
Body:			<none>
Request method:	DELETE
Request URI:	https://www.pivotaltracker.com/services/v5/projects/2510538
Proxy:			<none>
Request params:	<none>
Query params:	<none>
Form params:	<none>
Path params:	projectId=2510538
Headers:		X-TrackerToken=5b2cc4a0843310f32148a88918bda460
				Accept=*/*
				Content-Type=application/json
Cookies:		<none>
Multiparts:		<none>
Body:			<none>
Request method:	POST
Request URI:	https://www.pivotaltracker.com/services/v5/projects
Proxy:			<none>
Request params:	<none>
Query params:	<none>
Form params:	<none>
Path params:	<none>
Headers:		X-TrackerToken=5b2cc4a0843310f32148a88918bda460
				Accept=*/*
				Content-Type=application/json
Cookies:		<none>
Multiparts:		<none>
Body:
{
    "name": "My Test Project"
}
Request method:	POST
Request URI:	https://www.pivotaltracker.com/services/v5/projects
Proxy:			<none>
Request params:	<none>
Query params:	<none>
Form params:	<none>
Path params:	<none>
Headers:		X-TrackerToken=5b2cc4a0843310f32148a88918bda460
				Accept=*/*
				Content-Type=application/json
Cookies:		<none>
Multiparts:		<none>
Body:
{
    "name": "My Second Test Project"
}
Request method:	POST
Request URI:	https://www.pivotaltracker.com/services/v5/my/workspaces
Proxy:			<none>
Request params:	<none>
Query params:	<none>
Form params:	<none>
Path params:	<none>
Headers:		X-TrackerToken=5b2cc4a0843310f32148a88918bda460
				Accept=*/*
				Content-Type=application/json
Cookies:		<none>
Multiparts:		<none>
Body:
{
    "kind": null,
    "id": null,
    "name": "My test workspace",
    "person_id": null,
    "project_ids": [
        2510539,
        2510540
    ]
}
Request method:	POST
Request URI:	https://www.pivotaltracker.com/services/v5/my/workspaces
Proxy:			<none>
Request params:	<none>
Query params:	<none>
Form params:	<none>
Path params:	<none>
Headers:		X-TrackerToken=5b2cc4a0843310f32148a88918bda460
				Accept=*/*
				Content-Type=application/json
Cookies:		<none>
Multiparts:		<none>
Body:
{
    "kind": null,
    "id": null,
    "name": "My test workspace",
    "person_id": null,
    "project_ids": [
        2510539,
        2510540
    ]
}
Request method:	DELETE
Request URI:	https://www.pivotaltracker.com/services/v5/my/workspaces/876835
Proxy:			<none>
Request params:	<none>
Query params:	<none>
Form params:	<none>
Path params:	workspaceId=876835
Headers:		X-TrackerToken=5b2cc4a0843310f32148a88918bda460
				Accept=*/*
				Content-Type=application/json
Cookies:		<none>
Multiparts:		<none>
Body:			<none>
Request method:	DELETE
Request URI:	https://www.pivotaltracker.com/services/v5/projects/2510539
Proxy:			<none>
Request params:	<none>
Query params:	<none>
Form params:	<none>
Path params:	projectId=2510539
Headers:		X-TrackerToken=5b2cc4a0843310f32148a88918bda460
				Accept=*/*
				Content-Type=application/json
Cookies:		<none>
Multiparts:		<none>
Body:			<none>
Request method:	DELETE
Request URI:	https://www.pivotaltracker.com/services/v5/projects/2510540
Proxy:			<none>
Request params:	<none>
Query params:	<none>
Form params:	<none>
Path params:	projectId=2510540
Headers:		X-TrackerToken=5b2cc4a0843310f32148a88918bda460
				Accept=*/*
				Content-Type=application/json
Cookies:		<none>
Multiparts:		<none>
Body:			<none>
Request method:	POST
Request URI:	https://www.pivotaltracker.com/services/v5/my/workspaces
Proxy:			<none>
Request params:	<none>
Query params:	<none>
Form params:	<none>
Path params:	<none>
Headers:		X-TrackerToken=5b2cc4a0843310f32148a88918bda460
				Accept=*/*
				Content-Type=application/json
Cookies:		<none>
Multiparts:		<none>
Body:
{
    "kind": null,
    "id": null,
    "name": "My test workspace",
    "person_id": null,
    "project_ids": [
        
    ]
}
Request method:	DELETE
Request URI:	https://www.pivotaltracker.com/services/v5/my/workspaces/876836
Proxy:			<none>
Request params:	<none>
Query params:	<none>
Form params:	<none>
Path params:	workspaceId=876836
Headers:		X-TrackerToken=5b2cc4a0843310f32148a88918bda460
				Accept=*/*
				Content-Type=application/json
Cookies:		<none>
Multiparts:		<none>
Body:			<none>
Request method:	POST
Request URI:	https://www.pivotaltracker.com/services/v5/projects
Proxy:			<none>
Request params:	<none>
Query params:	<none>
Form params:	<none>
Path params:	<none>
Headers:		X-TrackerToken=5b2cc4a0843310f32148a88918bda460
				Accept=*/*
				Content-Type=application/json
Cookies:		<none>
Multiparts:		<none>
Body:
{
    "name": "My First Test Project"
}
Request method:	POST
Request URI:	https://www.pivotaltracker.com/services/v5/projects
Proxy:			<none>
Request params:	<none>
Query params:	<none>
Form params:	<none>
Path params:	<none>
Headers:		X-TrackerToken=5b2cc4a0843310f32148a88918bda460
				Accept=*/*
				Content-Type=application/json
Cookies:		<none>
Multiparts:		<none>
Body:
{
    "name": "My Second Test Project"
}
Request method:	POST
Request URI:	https://www.pivotaltracker.com/services/v5/my/workspaces
Proxy:			<none>
Request params:	<none>
Query params:	<none>
Form params:	<none>
Path params:	<none>
Headers:		X-TrackerToken=5b2cc4a0843310f32148a88918bda460
				Accept=*/*
				Content-Type=application/json
Cookies:		<none>
Multiparts:		<none>
Body:
{
    "kind": null,
    "id": null,
    "name": "My workspace test",
    "person_id": null,
    "project_ids": [
        2510541,
        2510542
    ]
}
Request method:	DELETE
Request URI:	https://www.pivotaltracker.com/services/v5/my/workspaces/876837
Proxy:			<none>
Request params:	<none>
Query params:	<none>
Form params:	<none>
Path params:	workspaceId=876837
Headers:		X-TrackerToken=5b2cc4a0843310f32148a88918bda460
				Accept=*/*
				Content-Type=application/json
Cookies:		<none>
Multiparts:		<none>
Body:			<none>
Request method:	DELETE
Request URI:	https://www.pivotaltracker.com/services/v5/projects/2510541
Proxy:			<none>
Request params:	<none>
Query params:	<none>
Form params:	<none>
Path params:	projectId=2510541
Headers:		X-TrackerToken=5b2cc4a0843310f32148a88918bda460
				Accept=*/*
				Content-Type=application/json
Cookies:		<none>
Multiparts:		<none>
Body:			<none>
Request method:	DELETE
Request URI:	https://www.pivotaltracker.com/services/v5/projects/2510542
Proxy:			<none>
Request params:	<none>
Query params:	<none>
Form params:	<none>
Path params:	projectId=2510542
Headers:		X-TrackerToken=5b2cc4a0843310f32148a88918bda460
				Accept=*/*
				Content-Type=application/json
Cookies:		<none>
Multiparts:		<none>
Body:			<none>
Request method:	DELETE
Request URI:	https://www.pivotaltracker.com/services/v5/my/workspaces/876800
Proxy:			<none>
Request params:	<none>
Query params:	<none>
Form params:	<none>
Path params:	workspaceId=876800
Headers:		X-TrackerToken=5b2cc4a0843310f32148a88918bda460
				Accept=*/*
				Content-Type=application/json
Cookies:		<none>
Multiparts:		<none>
Body:			<none>
Request method:	POST
Request URI:	https://www.pivotaltracker.com/services/v5/projects
Proxy:			<none>
Request params:	<none>
Query params:	<none>
Form params:	<none>
Path params:	<none>
Headers:		X-TrackerToken=5b2cc4a0843310f32148a88918bda460
				Accept=*/*
				Content-Type=application/json
Cookies:		<none>
Multiparts:		<none>
Body:
{
    "name": "My Test Project"
}
Request method:	POST
Request URI:	https://www.pivotaltracker.com/services/v5/projects
Proxy:			<none>
Request params:	<none>
Query params:	<none>
Form params:	<none>
Path params:	<none>
Headers:		X-TrackerToken=5b2cc4a0843310f32148a88918bda460
				Accept=*/*
				Content-Type=application/json
Cookies:		<none>
Multiparts:		<none>
Body:
{
    "name": "My Second Test Project"
}
Request method:	POST
Request URI:	https://www.pivotaltracker.com/services/v5/my/workspaces
Proxy:			<none>
Request params:	<none>
Query params:	<none>
Form params:	<none>
Path params:	<none>
Headers:		X-TrackerToken=5b2cc4a0843310f32148a88918bda460
				Accept=*/*
				Content-Type=application/json
Cookies:		<none>
Multiparts:		<none>
Body:
{
    "kind": null,
    "id": null,
    "name": "My test workspace",
    "person_id": null,
    "project_ids": [
        2510543,
        2510544
    ]
}
Request method:	GET
Request URI:	https://www.pivotaltracker.com/services/v5/my/workspaces
Proxy:			<none>
Request params:	<none>
Query params:	<none>
Form params:	<none>
Path params:	<none>
Headers:		X-TrackerToken=5b2cc4a0843310f32148a88918bda460
				Accept=*/*
				Content-Type=application/json
Cookies:		<none>
Multiparts:		<none>
Body:			<none>
Request method:	DELETE
Request URI:	https://www.pivotaltracker.com/services/v5/my/workspaces/876838
Proxy:			<none>
Request params:	<none>
Query params:	<none>
Form params:	<none>
Path params:	workspaceId=876838
Headers:		X-TrackerToken=5b2cc4a0843310f32148a88918bda460
				Accept=*/*
				Content-Type=application/json
Cookies:		<none>
Multiparts:		<none>
Body:			<none>
Request method:	DELETE
Request URI:	https://www.pivotaltracker.com/services/v5/projects/2510543
Proxy:			<none>
Request params:	<none>
Query params:	<none>
Form params:	<none>
Path params:	projectId=2510543
Headers:		X-TrackerToken=5b2cc4a0843310f32148a88918bda460
				Accept=*/*
				Content-Type=application/json
Cookies:		<none>
Multiparts:		<none>
Body:			<none>
Request method:	DELETE
Request URI:	https://www.pivotaltracker.com/services/v5/projects/2510544
Proxy:			<none>
Request params:	<none>
Query params:	<none>
Form params:	<none>
Path params:	projectId=2510544
Headers:		X-TrackerToken=5b2cc4a0843310f32148a88918bda460
				Accept=*/*
				Content-Type=application/json
Cookies:		<none>
Multiparts:		<none>
Body:			<none>
Request method:	POST
Request URI:	https://www.pivotaltracker.com/services/v5/projects
Proxy:			<none>
Request params:	<none>
Query params:	<none>
Form params:	<none>
Path params:	<none>
Headers:		X-TrackerToken=5b2cc4a0843310f32148a88918bda460
				Accept=*/*
				Content-Type=application/json
Cookies:		<none>
Multiparts:		<none>
Body:
{
    "name": "My Test Project"
}
Request method:	POST
Request URI:	https://www.pivotaltracker.com/services/v5/projects
Proxy:			<none>
Request params:	<none>
Query params:	<none>
Form params:	<none>
Path params:	<none>
Headers:		X-TrackerToken=5b2cc4a0843310f32148a88918bda460
				Accept=*/*
				Content-Type=application/json
Cookies:		<none>
Multiparts:		<none>
Body:
{
    "name": "My Second Test Project"
}
Request method:	POST
Request URI:	https://www.pivotaltracker.com/services/v5/my/workspaces
Proxy:			<none>
Request params:	<none>
Query params:	<none>
Form params:	<none>
Path params:	<none>
Headers:		X-TrackerToken=5b2cc4a0843310f32148a88918bda460
				Accept=*/*
				Content-Type=application/json
Cookies:		<none>
Multiparts:		<none>
Body:
{
    "kind": null,
    "id": null,
    "name": "My test workspace",
    "person_id": null,
    "project_ids": [
        2510545,
        2510546
    ]
}
Request method:	GET
Request URI:	https://www.pivotaltracker.com/services/v5/my/workspaces/876839
Proxy:			<none>
Request params:	<none>
Query params:	<none>
Form params:	<none>
Path params:	workspaceId=876839
Headers:		X-TrackerToken=5b2cc4a0843310f32148a88918bda460
				Accept=*/*
				Content-Type=application/json
Cookies:		<none>
Multiparts:		<none>
Body:			<none>
Request method:	DELETE
Request URI:	https://www.pivotaltracker.com/services/v5/my/workspaces/876839
Proxy:			<none>
Request params:	<none>
Query params:	<none>
Form params:	<none>
Path params:	workspaceId=876839
Headers:		X-TrackerToken=5b2cc4a0843310f32148a88918bda460
				Accept=*/*
				Content-Type=application/json
Cookies:		<none>
Multiparts:		<none>
Body:			<none>
Request method:	DELETE
Request URI:	https://www.pivotaltracker.com/services/v5/projects/2510545
Proxy:			<none>
Request params:	<none>
Query params:	<none>
Form params:	<none>
Path params:	projectId=2510545
Headers:		X-TrackerToken=5b2cc4a0843310f32148a88918bda460
				Accept=*/*
				Content-Type=application/json
Cookies:		<none>
Multiparts:		<none>
Body:			<none>
Request method:	DELETE
Request URI:	https://www.pivotaltracker.com/services/v5/projects/2510546
Proxy:			<none>
Request params:	<none>
Query params:	<none>
Form params:	<none>
Path params:	projectId=2510546
Headers:		X-TrackerToken=5b2cc4a0843310f32148a88918bda460
				Accept=*/*
				Content-Type=application/json
Cookies:		<none>
Multiparts:		<none>
Body:			<none>
Request method:	POST
Request URI:	https://www.pivotaltracker.com/services/v5/projects
Proxy:			<none>
Request params:	<none>
Query params:	<none>
Form params:	<none>
Path params:	<none>
Headers:		X-TrackerToken=5b2cc4a0843310f32148a88918bda460
				Accept=*/*
				Content-Type=application/json
Cookies:		<none>
Multiparts:		<none>
Body:
{
    "name": "My Test Project"
}
Request method:	POST
Request URI:	https://www.pivotaltracker.com/services/v5/projects
Proxy:			<none>
Request params:	<none>
Query params:	<none>
Form params:	<none>
Path params:	<none>
Headers:		X-TrackerToken=5b2cc4a0843310f32148a88918bda460
				Accept=*/*
				Content-Type=application/json
Cookies:		<none>
Multiparts:		<none>
Body:
{
    "name": "My Second Test Project"
}
Request method:	POST
Request URI:	https://www.pivotaltracker.com/services/v5/my/workspaces
Proxy:			<none>
Request params:	<none>
Query params:	<none>
Form params:	<none>
Path params:	<none>
Headers:		X-TrackerToken=5b2cc4a0843310f32148a88918bda460
				Accept=*/*
				Content-Type=application/json
Cookies:		<none>
Multiparts:		<none>
Body:
{
    "kind": null,
    "id": null,
    "name": "My test workspace",
    "person_id": null,
    "project_ids": [
        2510547,
        2510548
    ]
}
Request method:	GET
Request URI:	https://www.pivotaltracker.com/services/v5/my/workspaces/InvalidId
Proxy:			<none>
Request params:	<none>
Query params:	<none>
Form params:	<none>
Path params:	workspaceId=InvalidId
Headers:		X-TrackerToken=5b2cc4a0843310f32148a88918bda460
				Accept=*/*
				Content-Type=application/json
Cookies:		<none>
Multiparts:		<none>
Body:			<none>
Request method:	DELETE
Request URI:	https://www.pivotaltracker.com/services/v5/my/workspaces/876840
Proxy:			<none>
Request params:	<none>
Query params:	<none>
Form params:	<none>
Path params:	workspaceId=876840
Headers:		X-TrackerToken=5b2cc4a0843310f32148a88918bda460
				Accept=*/*
				Content-Type=application/json
Cookies:		<none>
Multiparts:		<none>
Body:			<none>
Request method:	DELETE
Request URI:	https://www.pivotaltracker.com/services/v5/projects/2510547
Proxy:			<none>
Request params:	<none>
Query params:	<none>
Form params:	<none>
Path params:	projectId=2510547
Headers:		X-TrackerToken=5b2cc4a0843310f32148a88918bda460
				Accept=*/*
				Content-Type=application/json
Cookies:		<none>
Multiparts:		<none>
Body:			<none>
Request method:	DELETE
Request URI:	https://www.pivotaltracker.com/services/v5/projects/2510548
Proxy:			<none>
Request params:	<none>
Query params:	<none>
Form params:	<none>
Path params:	projectId=2510548
Headers:		X-TrackerToken=5b2cc4a0843310f32148a88918bda460
				Accept=*/*
				Content-Type=application/json
Cookies:		<none>
Multiparts:		<none>
Body:			<none>
]]></system-out>
  <system-err><![CDATA[]]></system-err>
</testsuite>
